16.07.2018 13:32:39
 
Log
Wolf eats black sheep
UnityEngine.Debug:Log(Object)
Wolf:OnCollisionEnter(Collision) (at Assets/scripts/Wolf.cs:55)

Log
Wolf eats black sheep
UnityEngine.Debug:Log(Object)
Wolf:OnCollisionEnter(Collision) (at Assets/scripts/Wolf.cs:55)

Log
Wolf eats shepherd
UnityEngine.Debug:Log(Object)
Wolf:OnCollisionEnter(Collision) (at Assets/scripts/Wolf.cs:65)

Log
Wolf eats shepherd
UnityEngine.Debug:Log(Object)
Wolf:OnCollisionEnter(Collision) (at Assets/scripts/Wolf.cs:65)

Log
Wolf eats shepherd
UnityEngine.Debug:Log(Object)
Wolf:OnCollisionEnter(Collision) (at Assets/scripts/Wolf.cs:65)

Log
Wolf eats black sheep
UnityEngine.Debug:Log(Object)
Wolf:OnCollisionEnter(Collision) (at Assets/scripts/Wolf.cs:55)

Log
Wolf eats black sheep
UnityEngine.Debug:Log(Object)
Wolf:OnCollisionEnter(Collision) (at Assets/scripts/Wolf.cs:55)

Log
Wolf eats black sheep
UnityEngine.Debug:Log(Object)
Wolf:OnCollisionEnter(Collision) (at Assets/scripts/Wolf.cs:55)

Log
Wolf eats black sheep
UnityEngine.Debug:Log(Object)
Wolf:OnCollisionEnter(Collision) (at Assets/scripts/Wolf.cs:55)

Log
Wolf eats shepherd
UnityEngine.Debug:Log(Object)
Wolf:OnCollisionEnter(Collision) (at Assets/scripts/Wolf.cs:65)

Log
Wolf eats black sheep
UnityEngine.Debug:Log(Object)
Wolf:OnCollisionEnter(Collision) (at Assets/scripts/Wolf.cs:55)

Log
Wolf eats black sheep
UnityEngine.Debug:Log(Object)
Wolf:OnCollisionEnter(Collision) (at Assets/scripts/Wolf.cs:55)

Log
Wolf eats black sheep
UnityEngine.Debug:Log(Object)
Wolf:OnCollisionEnter(Collision) (at Assets/scripts/Wolf.cs:55)

Log
Wolf eats black sheep
UnityEngine.Debug:Log(Object)
Wolf:OnCollisionEnter(Collision) (at Assets/scripts/Wolf.cs:55)

Log
Wolf eats black sheep
UnityEngine.Debug:Log(Object)
Wolf:OnCollisionEnter(Collision) (at Assets/scripts/Wolf.cs:55)

Log
Wolf eats shepherd
UnityEngine.Debug:Log(Object)
Wolf:OnCollisionEnter(Collision) (at Assets/scripts/Wolf.cs:65)

Log
Wolf eats shepherd
UnityEngine.Debug:Log(Object)
Wolf:OnCollisionEnter(Collision) (at Assets/scripts/Wolf.cs:65)

Log
Wolf eats shepherd
UnityEngine.Debug:Log(Object)
Wolf:OnCollisionEnter(Collision) (at Assets/scripts/Wolf.cs:65)

Log
Wolf eats shepherd
UnityEngine.Debug:Log(Object)
Wolf:OnCollisionEnter(Collision) (at Assets/scripts/Wolf.cs:65)

Log
Wolf eats shepherd
UnityEngine.Debug:Log(Object)
Wolf:OnCollisionEnter(Collision) (at Assets/scripts/Wolf.cs:65)

Log
Wolf eats shepherd
UnityEngine.Debug:Log(Object)
Wolf:OnCollisionEnter(Collision) (at Assets/scripts/Wolf.cs:65)

Log
Wolf eats shepherd
UnityEngine.Debug:Log(Object)
Wolf:OnCollisionEnter(Collision) (at Assets/scripts/Wolf.cs:65)

Log
Wolf eats shepherd
UnityEngine.Debug:Log(Object)
Wolf:OnCollisionEnter(Collision) (at Assets/scripts/Wolf.cs:65)

Log
Wolf eats shepherd
UnityEngine.Debug:Log(Object)
Wolf:OnCollisionEnter(Collision) (at Assets/scripts/Wolf.cs:65)

Log
Wolf eats shepherd
UnityEngine.Debug:Log(Object)
Wolf:OnCollisionEnter(Collision) (at Assets/scripts/Wolf.cs:65)

Log
Wolf eats shepherd
UnityEngine.Debug:Log(Object)
Wolf:OnCollisionEnter(Collision) (at Assets/scripts/Wolf.cs:65)

Log
Wolf eats shepherd
UnityEngine.Debug:Log(Object)
Wolf:OnCollisionEnter(Collision) (at Assets/scripts/Wolf.cs:65)

Log
Wolf eats black sheep
UnityEngine.Debug:Log(Object)
Wolf:OnCollisionEnter(Collision) (at Assets/scripts/Wolf.cs:55)

Log
Wolf eats black sheep
UnityEngine.Debug:Log(Object)
Wolf:OnCollisionEnter(Collision) (at Assets/scripts/Wolf.cs:55)

Log
Wolf eats shepherd
UnityEngine.Debug:Log(Object)
Wolf:OnCollisionEnter(Collision) (at Assets/scripts/Wolf.cs:65)

Log
Wolf eats black sheep
UnityEngine.Debug:Log(Object)
Wolf:OnCollisionEnter(Collision) (at Assets/scripts/Wolf.cs:55)

Log
Wolf eats shepherd
UnityEngine.Debug:Log(Object)
Wolf:OnCollisionEnter(Collision) (at Assets/scripts/Wolf.cs:65)

Log
Wolf eats black sheep
UnityEngine.Debug:Log(Object)
Wolf:OnCollisionEnter(Collision) (at Assets/scripts/Wolf.cs:55)

Log
Wolf eats black sheep
UnityEngine.Debug:Log(Object)
Wolf:OnCollisionEnter(Collision) (at Assets/scripts/Wolf.cs:55)

Log
Wolf eats black sheep
UnityEngine.Debug:Log(Object)
Wolf:OnCollisionEnter(Collision) (at Assets/scripts/Wolf.cs:55)

Log
Wolf eats black sheep
UnityEngine.Debug:Log(Object)
Wolf:OnCollisionEnter(Collision) (at Assets/scripts/Wolf.cs:55)

Log
Wolf eats black sheep
UnityEngine.Debug:Log(Object)
Wolf:OnCollisionEnter(Collision) (at Assets/scripts/Wolf.cs:55)

Log
Wolf eats shepherd
UnityEngine.Debug:Log(Object)
Wolf:OnCollisionEnter(Collision) (at Assets/scripts/Wolf.cs:65)

Log
Wolf eats black sheep
UnityEngine.Debug:Log(Object)
Wolf:OnCollisionEnter(Collision) (at Assets/scripts/Wolf.cs:55)

Log
Wolf eats black sheep
UnityEngine.Debug:Log(Object)
Wolf:OnCollisionEnter(Collision) (at Assets/scripts/Wolf.cs:55)

Log
Wolf eats black sheep
UnityEngine.Debug:Log(Object)
Wolf:OnCollisionEnter(Collision) (at Assets/scripts/Wolf.cs:55)

Log
Wolf eats black sheep
UnityEngine.Debug:Log(Object)
Wolf:OnCollisionEnter(Collision) (at Assets/scripts/Wolf.cs:55)

Log
Wolf eats shepherd
UnityEngine.Debug:Log(Object)
Wolf:OnCollisionEnter(Collision) (at Assets/scripts/Wolf.cs:65)

Log
Wolf eats black sheep
UnityEngine.Debug:Log(Object)
Wolf:OnCollisionEnter(Collision) (at Assets/scripts/Wolf.cs:55)

Log
Wolf eats black sheep
UnityEngine.Debug:Log(Object)
Wolf:OnCollisionEnter(Collision) (at Assets/scripts/Wolf.cs:55)

Log
Wolf eats black sheep
UnityEngine.Debug:Log(Object)
Wolf:OnCollisionEnter(Collision) (at Assets/scripts/Wolf.cs:55)

Log
Wolf eats black sheep
UnityEngine.Debug:Log(Object)
Wolf:OnCollisionEnter(Collision) (at Assets/scripts/Wolf.cs:55)

Log
Wolf eats black sheep
UnityEngine.Debug:Log(Object)
Wolf:OnCollisionEnter(Collision) (at Assets/scripts/Wolf.cs:55)

Log
Wolf eats black sheep
UnityEngine.Debug:Log(Object)
Wolf:OnCollisionEnter(Collision) (at Assets/scripts/Wolf.cs:55)

Log
Wolf eats black sheep
UnityEngine.Debug:Log(Object)
Wolf:OnCollisionEnter(Collision) (at Assets/scripts/Wolf.cs:55)

Log
Wolf eats shepherd
UnityEngine.Debug:Log(Object)
Wolf:OnCollisionEnter(Collision) (at Assets/scripts/Wolf.cs:65)

Log
Wolf eats shepherd
UnityEngine.Debug:Log(Object)
Wolf:OnCollisionEnter(Collision) (at Assets/scripts/Wolf.cs:65)

Log
Wolf eats shepherd
UnityEngine.Debug:Log(Object)
Wolf:OnCollisionEnter(Collision) (at Assets/scripts/Wolf.cs:65)

Log
Wolf eats shepherd
UnityEngine.Debug:Log(Object)
Wolf:OnCollisionEnter(Collision) (at Assets/scripts/Wolf.cs:65)

Log
Wolf eats shepherd
UnityEngine.Debug:Log(Object)
Wolf:OnCollisionEnter(Collision) (at Assets/scripts/Wolf.cs:65)

Log
Wolf eats shepherd
UnityEngine.Debug:Log(Object)
Wolf:OnCollisionEnter(Collision) (at Assets/scripts/Wolf.cs:65)

Log
Wolf eats shepherd
UnityEngine.Debug:Log(Object)
Wolf:OnCollisionEnter(Collision) (at Assets/scripts/Wolf.cs:65)

Log
Wolf eats shepherd
UnityEngine.Debug:Log(Object)
Wolf:OnCollisionEnter(Collision) (at Assets/scripts/Wolf.cs:65)

Log
Wolf eats shepherd
UnityEngine.Debug:Log(Object)
Wolf:OnCollisionEnter(Collision) (at Assets/scripts/Wolf.cs:65)

Log
Wolf eats black sheep
UnityEngine.Debug:Log(Object)
Wolf:OnCollisionEnter(Collision) (at Assets/scripts/Wolf.cs:55)

Log
Wolf eats black sheep
UnityEngine.Debug:Log(Object)
Wolf:OnCollisionEnter(Collision) (at Assets/scripts/Wolf.cs:55)

Log
Wolf eats black sheep
UnityEngine.Debug:Log(Object)
Wolf:OnCollisionEnter(Collision) (at Assets/scripts/Wolf.cs:55)

Log
Wolf eats black sheep
UnityEngine.Debug:Log(Object)
Wolf:OnCollisionEnter(Collision) (at Assets/scripts/Wolf.cs:55)

Log
Wolf eats black sheep
UnityEngine.Debug:Log(Object)
Wolf:OnCollisionEnter(Collision) (at Assets/scripts/Wolf.cs:55)

Log
Wolf eats shepherd
UnityEngine.Debug:Log(Object)
Wolf:OnCollisionEnter(Collision) (at Assets/scripts/Wolf.cs:65)

Log
Wolf eats shepherd
UnityEngine.Debug:Log(Object)
Wolf:OnCollisionEnter(Collision) (at Assets/scripts/Wolf.cs:65)

Log
Wolf eats black sheep
UnityEngine.Debug:Log(Object)
Wolf:OnCollisionEnter(Collision) (at Assets/scripts/Wolf.cs:55)

Log
Wolf eats shepherd
UnityEngine.Debug:Log(Object)
Wolf:OnCollisionEnter(Collision) (at Assets/scripts/Wolf.cs:65)

Log
Wolf eats black sheep
UnityEngine.Debug:Log(Object)
Wolf:OnCollisionEnter(Collision) (at Assets/scripts/Wolf.cs:55)

Log
Wolf eats black sheep
UnityEngine.Debug:Log(Object)
Wolf:OnCollisionEnter(Collision) (at Assets/scripts/Wolf.cs:55)

Log
Wolf eats black sheep
UnityEngine.Debug:Log(Object)
Wolf:OnCollisionEnter(Collision) (at Assets/scripts/Wolf.cs:55)

Log
Wolf eats black sheep
UnityEngine.Debug:Log(Object)
Wolf:OnCollisionEnter(Collision) (at Assets/scripts/Wolf.cs:55)

Log
Wolf eats shepherd
UnityEngine.Debug:Log(Object)
Wolf:OnCollisionEnter(Collision) (at Assets/scripts/Wolf.cs:65)

Log
Wolf eats shepherd
UnityEngine.Debug:Log(Object)
Wolf:OnCollisionEnter(Collision) (at Assets/scripts/Wolf.cs:65)

Log
Wolf eats black sheep
UnityEngine.Debug:Log(Object)
Wolf:OnCollisionEnter(Collision) (at Assets/scripts/Wolf.cs:55)

Log
Wolf eats black sheep
UnityEngine.Debug:Log(Object)
Wolf:OnCollisionEnter(Collision) (at Assets/scripts/Wolf.cs:55)

Log
Wolf eats black sheep
UnityEngine.Debug:Log(Object)
Wolf:OnCollisionEnter(Collision) (at Assets/scripts/Wolf.cs:55)

Log
Wolf eats black sheep
UnityEngine.Debug:Log(Object)
Wolf:OnCollisionEnter(Collision) (at Assets/scripts/Wolf.cs:55)

Log
Wolf eats black sheep
UnityEngine.Debug:Log(Object)
Wolf:OnCollisionEnter(Collision) (at Assets/scripts/Wolf.cs:55)

Log
Wolf eats shepherd
UnityEngine.Debug:Log(Object)
Wolf:OnCollisionEnter(Collision) (at Assets/scripts/Wolf.cs:65)

Log
Wolf eats black sheep
UnityEngine.Debug:Log(Object)
Wolf:OnCollisionEnter(Collision) (at Assets/scripts/Wolf.cs:55)

Log
Wolf eats black sheep
UnityEngine.Debug:Log(Object)
Wolf:OnCollisionEnter(Collision) (at Assets/scripts/Wolf.cs:55)

Log
Wolf eats black sheep
UnityEngine.Debug:Log(Object)
Wolf:OnCollisionEnter(Collision) (at Assets/scripts/Wolf.cs:55)

